<?xml version="1.0" encoding="UTF-8"?>
<!-- Generated by org.testng.reporters.JUnitXMLReporter -->
<testsuite ignored="0" hostname="DESKTOP-0FNJT7K" failures="0" tests="4" name="Test" time="33.736" errors="0" timestamp="2021-03-14T19:46:44 IST">
  <testcase classname="tests.Sanity" name="goToRegister" time="11.257"/>
  <testcase classname="tests.Sanity" name="selectAccountTypeIM" time="2.747"/>
  <testcase classname="tests.Sanity" name="selectAccountTypeLookingTo" time="0.338"/>
  <testcase classname="tests.Sanity" name="verifyURL" time="0.057"/>
</testsuite> <!-- Test -->
