<?xml version="1.0" encoding="UTF-8"?>
<testsuite xmlns:xsi="http://www.w3.org/2001/XMLSchema-instance" xsi:noNamespaceSchemaLocation="https://maven.apache.org/surefire/maven-surefire-plugin/xsd/surefire-test-report-3.0.xsd" version="3.0" name="TestSuite" time="34.774" tests="4" errors="0" skipped="0" failures="0">
  <properties>
[...]
</properties>
  <testcase name="goToRegister" classname="tests.Sanity" time="11.215">
    <system-err><![CDATA[Starting ChromeDriver 88.0.4324.96 (68dba2d8a0b149a1d3afac56fa74648032bcf46b-refs/branch-heads/4324@{#1784}) on port 10205
Only local connections are allowed.
Please see https://chromedriver.chromium.org/security-considerations for suggestions on keeping ChromeDriver safe.
ChromeDriver was started successfully.
[1615743974.549][WARNING]: This version of ChromeDriver has not been tested with Chrome version 89.
мар. 14, 2021 7:46:14 PM org.openqa.selenium.remote.ProtocolHandshake createSession
INFO: Detected dialect: W3C
log4j:WARN No appenders could be found for logger (tests.Sanity).
log4j:WARN Please initialize the log4j system properly.
log4j:WARN See http://logging.apache.org/log4j/1.2/faq.html#noconfig for more info.
]]></system-err>
  </testcase>
  <testcase name="selectAccountTypeIM" classname="tests.Sanity" time="2.738"/>
  <testcase name="selectAccountTypeLookingTo" classname="tests.Sanity" time="0.335"/>
  <testcase name="verifyURL" classname="tests.Sanity" time="0.057">
    <system-out><![CDATA[URL is valid
]]></system-out>
  </testcase>
</testsuite>