<?xml version="1.0" encoding="UTF-8"?>
<testng-results ignored="0" total="4" passed="4" failed="0" skipped="0">
  <reporter-output>
  </reporter-output>
  <suite started-at="2021-03-14T19:46:10 IST" name="Suite" finished-at="2021-03-14T19:46:44 IST" duration-ms="33736">
    <groups>
    </groups>
    <test started-at="2021-03-14T19:46:10 IST" name="Test" finished-at="2021-03-14T19:46:44 IST" duration-ms="33736">
      <class name="tests.Sanity">
        <test-method is-config="true" signature="beforeClass()[pri:0, instance:tests.Sanity@446293d]" started-at="2021-03-14T19:46:10 IST" name="beforeClass" finished-at="2021-03-14T19:46:24 IST" duration-ms="13589" status="PASS">
          <reporter-output>
          </reporter-output>
        </test-method> <!-- beforeClass -->
        <test-method is-config="true" signature="beforeMethod(java.lang.reflect.Method)[pri:0, instance:tests.Sanity@446293d]" started-at="2021-03-14T19:46:24 IST" name="beforeMethod" finished-at="2021-03-14T19:46:24 IST" duration-ms="6" status="PASS">
          <params>
            <param index="0">
              <value>
                <![CDATA[public void tests.Sanity.goToRegister() throws java.lang.InterruptedException,java.io.IOException]]>
              </value>
            </param>
          </params>
          <reporter-output>
          </reporter-output>
        </test-method> <!-- beforeMethod -->
        <test-method signature="goToRegister()[pri:1, instance:tests.Sanity@446293d]" started-at="2021-03-14T19:46:24 IST" name="goToRegister" description="verify date" finished-at="2021-03-14T19:46:35 IST" duration-ms="11257" status="PASS">
          <reporter-output>
          </reporter-output>
        </test-method> <!-- goToRegister -->
        <test-method is-config="true" signature="afterMethod(org.testng.ITestResult)[pri:0, instance:tests.Sanity@446293d]" started-at="2021-03-14T19:46:35 IST" name="afterMethod" finished-at="2021-03-14T19:46:38 IST" duration-ms="2672" status="PASS">
          <params>
            <param index="0">
              <value>
                <![CDATA[[TestResult name=goToRegister status=SUCCESS method=Sanity.goToRegister()[pri:1, instance:tests.Sanity@446293d] output={null}]]]>
              </value>
            </param>
          </params>
          <reporter-output>
          </reporter-output>
        </test-method> <!-- afterMethod -->
        <test-method is-config="true" signature="beforeMethod(java.lang.reflect.Method)[pri:0, instance:tests.Sanity@446293d]" started-at="2021-03-14T19:46:38 IST" name="beforeMethod" finished-at="2021-03-14T19:46:38 IST" duration-ms="1" status="PASS">
          <params>
            <param index="0">
              <value>
                <![CDATA[public void tests.Sanity.selectAccountTypeIM() throws java.lang.InterruptedException,java.io.IOException]]>
              </value>
            </param>
          </params>
          <reporter-output>
          </reporter-output>
        </test-method> <!-- beforeMethod -->
        <test-method signature="selectAccountTypeIM()[pri:2, instance:tests.Sanity@446293d]" started-at="2021-03-14T19:46:38 IST" name="selectAccountTypeIM" description="verify date" finished-at="2021-03-14T19:46:40 IST" duration-ms="2747" status="PASS">
          <reporter-output>
          </reporter-output>
        </test-method> <!-- selectAccountTypeIM -->
        <test-method is-config="true" signature="afterMethod(org.testng.ITestResult)[pri:0, instance:tests.Sanity@446293d]" started-at="2021-03-14T19:46:40 IST" name="afterMethod" finished-at="2021-03-14T19:46:41 IST" duration-ms="466" status="PASS">
          <params>
            <param index="0">
              <value>
                <![CDATA[[TestResult name=selectAccountTypeIM status=SUCCESS method=Sanity.selectAccountTypeIM()[pri:2, instance:tests.Sanity@446293d] output={null}]]]>
              </value>
            </param>
          </params>
          <reporter-output>
          </reporter-output>
        </test-method> <!-- afterMethod -->
        <test-method is-config="true" signature="beforeMethod(java.lang.reflect.Method)[pri:0, instance:tests.Sanity@446293d]" started-at="2021-03-14T19:46:41 IST" name="beforeMethod" finished-at="2021-03-14T19:46:41 IST" duration-ms="1" status="PASS">
          <params>
            <param index="0">
              <value>
                <![CDATA[public void tests.Sanity.selectAccountTypeLookingTo() throws java.lang.InterruptedException,java.io.IOException]]>
              </value>
            </param>
          </params>
          <reporter-output>
          </reporter-output>
        </test-method> <!-- beforeMethod -->
        <test-method signature="selectAccountTypeLookingTo()[pri:3, instance:tests.Sanity@446293d]" started-at="2021-03-14T19:46:41 IST" name="selectAccountTypeLookingTo" description="verify date" finished-at="2021-03-14T19:46:41 IST" duration-ms="338" status="PASS">
          <reporter-output>
          </reporter-output>
        </test-method> <!-- selectAccountTypeLookingTo -->
        <test-method is-config="true" signature="afterMethod(org.testng.ITestResult)[pri:0, instance:tests.Sanity@446293d]" started-at="2021-03-14T19:46:41 IST" name="afterMethod" finished-at="2021-03-14T19:46:42 IST" duration-ms="421" status="PASS">
          <params>
            <param index="0">
              <value>
                <![CDATA[[TestResult name=selectAccountTypeLookingTo status=SUCCESS method=Sanity.selectAccountTypeLookingTo()[pri:3, instance:tests.Sanity@446293d] output={null}]]]>
              </value>
            </param>
          </params>
          <reporter-output>
          </reporter-output>
        </test-method> <!-- afterMethod -->
        <test-method is-config="true" signature="beforeMethod(java.lang.reflect.Method)[pri:0, instance:tests.Sanity@446293d]" started-at="2021-03-14T19:46:42 IST" name="beforeMethod" finished-at="2021-03-14T19:46:42 IST" duration-ms="0" status="PASS">
          <params>
            <param index="0">
              <value>
                <![CDATA[public void tests.Sanity.verifyURL() throws java.lang.InterruptedException,java.io.IOException]]>
              </value>
            </param>
          </params>
          <reporter-output>
          </reporter-output>
        </test-method> <!-- beforeMethod -->
        <test-method signature="verifyURL()[pri:4, instance:tests.Sanity@446293d]" started-at="2021-03-14T19:46:42 IST" name="verifyURL" description="verify date" finished-at="2021-03-14T19:46:42 IST" duration-ms="57" status="PASS">
          <reporter-output>
          </reporter-output>
        </test-method> <!-- verifyURL -->
        <test-method is-config="true" signature="afterMethod(org.testng.ITestResult)[pri:0, instance:tests.Sanity@446293d]" started-at="2021-03-14T19:46:42 IST" name="afterMethod" finished-at="2021-03-14T19:46:42 IST" duration-ms="394" status="PASS">
          <params>
            <param index="0">
              <value>
                <![CDATA[[TestResult name=verifyURL status=SUCCESS method=Sanity.verifyURL()[pri:4, instance:tests.Sanity@446293d] output={null}]]]>
              </value>
            </param>
          </params>
          <reporter-output>
          </reporter-output>
        </test-method> <!-- afterMethod -->
        <test-method is-config="true" signature="afterClass()[pri:0, instance:tests.Sanity@446293d]" started-at="2021-03-14T19:46:42 IST" name="afterClass" finished-at="2021-03-14T19:46:44 IST" duration-ms="1736" status="PASS">
          <reporter-output>
          </reporter-output>
        </test-method> <!-- afterClass -->
      </class> <!-- tests.Sanity -->
    </test> <!-- Test -->
  </suite> <!-- Suite -->
</testng-results>
