<?xml version="1.0" encoding="UTF-8"?>
<testng-results ignored="0" total="1" passed="1" failed="0" skipped="0">
  <reporter-output>
  </reporter-output>
  <suite started-at="2021-03-16T19:43:47 IST" name="Default suite" finished-at="2021-03-16T19:43:49 IST" duration-ms="1729">
    <groups>
    </groups>
    <test started-at="2021-03-16T19:43:47 IST" name="Default test" finished-at="2021-03-16T19:43:49 IST" duration-ms="1729">
      <class name="tests.Sanity2">
        <test-method is-config="true" signature="beforeClass()[pri:0, instance:tests.Sanity2@196a42c3]" started-at="2021-03-16T19:43:47 IST" name="beforeClass" finished-at="2021-03-16T19:43:48 IST" duration-ms="490" status="PASS">
          <reporter-output>
          </reporter-output>
        </test-method> <!-- beforeClass -->
        <test-method is-config="true" signature="beforeMethod(java.lang.reflect.Method)[pri:0, instance:tests.Sanity2@196a42c3]" started-at="2021-03-16T19:43:48 IST" name="beforeMethod" finished-at="2021-03-16T19:43:48 IST" duration-ms="78" status="PASS">
          <params>
            <param index="0">
              <value>
                <![CDATA[public void tests.Sanity2.goToRegister() throws java.lang.InterruptedException,java.io.IOException]]>
              </value>
            </param>
          </params>
          <reporter-output>
          </reporter-output>
        </test-method> <!-- beforeMethod -->
        <test-method signature="goToRegister()[pri:1, instance:tests.Sanity2@196a42c3]" started-at="2021-03-16T19:43:48 IST" name="goToRegister" description="verify date" finished-at="2021-03-16T19:43:48 IST" duration-ms="20" status="PASS">
          <reporter-output>
          </reporter-output>
        </test-method> <!-- goToRegister -->
        <test-method is-config="true" signature="afterMethod(org.testng.ITestResult)[pri:0, instance:tests.Sanity2@196a42c3]" started-at="2021-03-16T19:43:48 IST" name="afterMethod" finished-at="2021-03-16T19:43:48 IST" duration-ms="3" status="PASS">
          <params>
            <param index="0">
              <value>
                <![CDATA[[TestResult name=goToRegister status=SUCCESS method=Sanity2.goToRegister()[pri:1, instance:tests.Sanity2@196a42c3] output={null}]]]>
              </value>
            </param>
          </params>
          <reporter-output>
          </reporter-output>
        </test-method> <!-- afterMethod -->
        <test-method is-config="true" signature="afterClass()[pri:0, instance:tests.Sanity2@196a42c3]" started-at="2021-03-16T19:43:48 IST" name="afterClass" finished-at="2021-03-16T19:43:49 IST" duration-ms="1014" status="PASS">
          <reporter-output>
          </reporter-output>
        </test-method> <!-- afterClass -->
      </class> <!-- tests.Sanity2 -->
    </test> <!-- Default test -->
  </suite> <!-- Default suite -->
</testng-results>
